<!DOCTYPE html PUBLIC "-//W3C//DTD XHTML 1.1//EN" "http://www.w3.org/TR/xhtml11/DTD/xhtml11.dtd">
<html xmlns="http://www.w3.org/1999/xhtml"><head><title>TestNG Report</title><style type="text/css">table {margin-bottom:10px;border-collapse:collapse;empty-cells:show}th,td {border:1px solid #009;padding:.25em .5em}th {vertical-align:bottom}td {vertical-align:top}table a {font-weight:bold}.stripe td {background-color: #E6EBF9}.num {text-align:right}.passedodd td {background-color: #3F3}.passedeven td {background-color: #0A0}.skippedodd td {background-color: #DDD}.skippedeven td {background-color: #CCC}.failedodd td,.attn {background-color: #F33}.failedeven td,.stripe .attn {background-color: #D00}.stacktrace {white-space:pre;font-family:monospace}.totop {font-size:85%;text-align:center;border-bottom:2px solid #000}</style></head><body><table><tr><th>Test</th><th># Passed</th><th># Skipped</th><th># Failed</th><th>Time (ms)</th><th>Included Groups</th><th>Excluded Groups</th></tr><tr><th colspan="7">HybDrivenFrameworkExampleV1</th></tr><tr><td><a href="#t0">Test1</a></td><td class="num">1</td><td class="num">0</td><td class="num attn">12</td><td class="num">144,209</td><td></td><td></td></tr><tr class="stripe"><td><a href="#t1">Test2</a></td><td class="num">1</td><td class="num">0</td><td class="num attn">12</td><td class="num">142,671</td><td></td><td></td></tr><tr><th>Total</th><th class="num">2</th><th class="num">0</th><th class="num attn">24</th><th class="num">286,880</th><th colspan="2"></th></tr></table><table><thead><tr><th>Class</th><th>Method</th><th>Start</th><th>Time (ms)</th></tr></thead><tbody><tr><th colspan="4">HybDrivenFrameworkExampleV1</th></tr></tbody><tbody id="t0"><tr><th colspan="4">Test1 &#8212; failed</th></tr><tr class="failedeven"><td rowspan="1">com.hybdrivenframeworkexampleV1.testcases.TC_HybDrivenFrameworkExampleV1_001</td><td><a href="#m0">loginTest</a></td><td rowspan="1">1596364326240</td><td rowspan="1">10884</td></tr><tr class="failedodd"><td rowspan="11">com.hybdrivenframeworkexampleV1.testcases.TC_loginDDT_002</td><td><a href="#m1">loginTest</a></td><td rowspan="11">1596364396459</td><td rowspan="11">6987</td></tr><tr class="failedodd"><td><a href="#m2">loginTest</a></td></tr><tr class="failedodd"><td><a href="#m3">loginTest</a></td></tr><tr class="failedodd"><td><a href="#m4">loginTest</a></td></tr><tr class="failedodd"><td><a href="#m5">loginTest</a></td></tr><tr class="failedodd"><td><a href="#m6">loginTest</a></td></tr><tr class="failedodd"><td><a href="#m7">loginTest</a></td></tr><tr class="failedodd"><td><a href="#m8">loginTest</a></td></tr><tr class="failedodd"><td><a href="#m9">loginTest</a></td></tr><tr class="failedodd"><td><a href="#m10">loginTest</a></td></tr><tr class="failedodd"><td><a href="#m11">loginTest</a></td></tr><tr><th colspan="4">Test1 &#8212; passed</th></tr><tr class="passedeven"><td rowspan="1">com.hybdrivenframeworkexampleV1.testcases.TC_loginDDT_002</td><td><a href="#m12">loginTest</a></td><td rowspan="1">1596364349143</td><td rowspan="1">22284</td></tr></tbody><tbody id="t1"><tr><th colspan="4">Test2 &#8212; failed</th></tr><tr class="failedeven"><td rowspan="1">com.hybdrivenframeworkexampleV1.testcases.TC_HybDrivenFrameworkExampleV1_001</td><td><a href="#m13">loginTest</a></td><td rowspan="1">1596364485555</td><td rowspan="1">11581</td></tr><tr class="failedodd"><td rowspan="11">com.hybdrivenframeworkexampleV1.testcases.TC_loginDDT_002</td><td><a href="#m14">loginTest</a></td><td rowspan="11">1596364564890</td><td rowspan="11">7103</td></tr><tr class="failedodd"><td><a href="#m15">loginTest</a></td></tr><tr class="failedodd"><td><a href="#m16">loginTest</a></td></tr><tr class="failedodd"><td><a href="#m17">loginTest</a></td></tr><tr class="failedodd"><td><a href="#m18">loginTest</a></td></tr><tr class="failedodd"><td><a href="#m19">loginTest</a></td></tr><tr class="failedodd"><td><a href="#m20">loginTest</a></td></tr><tr class="failedodd"><td><a href="#m21">loginTest</a></td></tr><tr class="failedodd"><td><a href="#m22">loginTest</a></td></tr><tr class="failedodd"><td><a href="#m23">loginTest</a></td></tr><tr class="failedodd"><td><a href="#m24">loginTest</a></td></tr><tr><th colspan="4">Test2 &#8212; passed</th></tr><tr class="passedeven"><td rowspan="1">com.hybdrivenframeworkexampleV1.testcases.TC_loginDDT_002</td><td><a href="#m25">loginTest</a></td><td rowspan="1">1596364503232</td><td rowspan="1">17904</td></tr></tbody></table><h2>Test1</h2><h3 id="m0">com.hybdrivenframeworkexampleV1.testcases.TC_HybDrivenFrameworkExampleV1_001#loginTest</h3><table class="result"><tr><th>Exception</th></tr><tr><td><div class="stacktrace">java.lang.AssertionError: expected [true] but found [false]
	at com.hybdrivenframeworkexampleV1.testcases.TC_HybDrivenFrameworkExampleV1_001.loginTest(TC_HybDrivenFrameworkExampleV1_001.java:36)
... Removed 29 stack frames</div></td></tr></table><p class="totop"><a href="#summary">back to summary</a></p><h3 id="m1">com.hybdrivenframeworkexampleV1.testcases.TC_loginDDT_002#loginTest</h3><table class="result"><tr class="param"><th>Parameter #1</th><th>Parameter #2</th></tr><tr class="param stripe"><td>ABC1</td><td>ABC1</td></tr><tr><th colspan="2">Exception</th></tr><tr><td colspan="2"><div class="stacktrace">java.lang.AssertionError: expected [true] but found [false]
	at com.hybdrivenframeworkexampleV1.testcases.TC_loginDDT_002.loginTest(TC_loginDDT_002.java:38)
... Removed 29 stack frames</div></td></tr></table><p class="totop"><a href="#summary">back to summary</a></p><h3 id="m2">com.hybdrivenframeworkexampleV1.testcases.TC_loginDDT_002#loginTest</h3><table class="result"><tr class="param"><th>Parameter #1</th><th>Parameter #2</th></tr><tr class="param stripe"><td>PQR1</td><td>PQR1</td></tr><tr><th colspan="2">Exception</th></tr><tr><td colspan="2"><div class="stacktrace">java.lang.AssertionError: expected [true] but found [false]
	at com.hybdrivenframeworkexampleV1.testcases.TC_loginDDT_002.loginTest(TC_loginDDT_002.java:38)
... Removed 29 stack frames</div></td></tr></table><p class="totop"><a href="#summary">back to summary</a></p><h3 id="m3">com.hybdrivenframeworkexampleV1.testcases.TC_loginDDT_002#loginTest</h3><table class="result"><tr class="param"><th>Parameter #1</th><th>Parameter #2</th></tr><tr class="param stripe"><td>MNO1</td><td>MNO1</td></tr><tr><th colspan="2">Exception</th></tr><tr><td colspan="2"><div class="stacktrace">java.lang.AssertionError: expected [true] but found [false]
	at com.hybdrivenframeworkexampleV1.testcases.TC_loginDDT_002.loginTest(TC_loginDDT_002.java:38)
... Removed 29 stack frames</div></td></tr></table><p class="totop"><a href="#summary">back to summary</a></p><h3 id="m4">com.hybdrivenframeworkexampleV1.testcases.TC_loginDDT_002#loginTest</h3><table class="result"><tr class="param"><th>Parameter #1</th><th>Parameter #2</th></tr><tr class="param stripe"><td>MNO2</td><td>MNO2</td></tr><tr><th colspan="2">Exception</th></tr><tr><td colspan="2"><div class="stacktrace">java.lang.AssertionError: expected [true] but found [false]
	at com.hybdrivenframeworkexampleV1.testcases.TC_loginDDT_002.loginTest(TC_loginDDT_002.java:38)
... Removed 29 stack frames</div></td></tr></table><p class="totop"><a href="#summary">back to summary</a></p><h3 id="m5">com.hybdrivenframeworkexampleV1.testcases.TC_loginDDT_002#loginTest</h3><table class="result"><tr class="param"><th>Parameter #1</th><th>Parameter #2</th></tr><tr class="param stripe"><td>XYZ</td><td>XYZ</td></tr><tr><th colspan="2">Exception</th></tr><tr><td colspan="2"><div class="stacktrace">java.lang.AssertionError: expected [true] but found [false]
	at com.hybdrivenframeworkexampleV1.testcases.TC_loginDDT_002.loginTest(TC_loginDDT_002.java:38)
... Removed 29 stack frames</div></td></tr></table><p class="totop"><a href="#summary">back to summary</a></p><h3 id="m6">com.hybdrivenframeworkexampleV1.testcases.TC_loginDDT_002#loginTest</h3><table class="result"><tr class="param"><th>Parameter #1</th><th>Parameter #2</th></tr><tr class="param stripe"><td>MNO</td><td>MNO</td></tr><tr><th colspan="2">Exception</th></tr><tr><td colspan="2"><div class="stacktrace">java.lang.AssertionError: expected [true] but found [false]
	at com.hybdrivenframeworkexampleV1.testcases.TC_loginDDT_002.loginTest(TC_loginDDT_002.java:38)
... Removed 29 stack frames</div></td></tr></table><p class="totop"><a href="#summary">back to summary</a></p><h3 id="m7">com.hybdrivenframeworkexampleV1.testcases.TC_loginDDT_002#loginTest</h3><table class="result"><tr class="param"><th>Parameter #1</th><th>Parameter #2</th></tr><tr class="param stripe"><td>PQR</td><td>PQR</td></tr><tr><th colspan="2">Exception</th></tr><tr><td colspan="2"><div class="stacktrace">java.lang.AssertionError: expected [true] but found [false]
	at com.hybdrivenframeworkexampleV1.testcases.TC_loginDDT_002.loginTest(TC_loginDDT_002.java:38)
... Removed 29 stack frames</div></td></tr></table><p class="totop"><a href="#summary">back to summary</a></p><h3 id="m8">com.hybdrivenframeworkexampleV1.testcases.TC_loginDDT_002#loginTest</h3><table class="result"><tr class="param"><th>Parameter #1</th><th>Parameter #2</th></tr><tr class="param stripe"><td>ABC2</td><td>ABC2</td></tr><tr><th colspan="2">Exception</th></tr><tr><td colspan="2"><div class="stacktrace">java.lang.AssertionError: expected [true] but found [false]
	at com.hybdrivenframeworkexampleV1.testcases.TC_loginDDT_002.loginTest(TC_loginDDT_002.java:38)
... Removed 29 stack frames</div></td></tr></table><p class="totop"><a href="#summary">back to summary</a></p><h3 id="m9">com.hybdrivenframeworkexampleV1.testcases.TC_loginDDT_002#loginTest</h3><table class="result"><tr class="param"><th>Parameter #1</th><th>Parameter #2</th></tr><tr class="param stripe"><td>PQR2</td><td>PQR2</td></tr><tr><th colspan="2">Exception</th></tr><tr><td colspan="2"><div class="stacktrace">java.lang.AssertionError: expected [true] but found [false]
	at com.hybdrivenframeworkexampleV1.testcases.TC_loginDDT_002.loginTest(TC_loginDDT_002.java:38)
... Removed 29 stack frames</div></td></tr></table><p class="totop"><a href="#summary">back to summary</a></p><h3 id="m10">com.hybdrivenframeworkexampleV1.testcases.TC_loginDDT_002#loginTest</h3><table class="result"><tr class="param"><th>Parameter #1</th><th>Parameter #2</th></tr><tr class="param stripe"><td>XYZ2</td><td>XYZ2</td></tr><tr><th colspan="2">Exception</th></tr><tr><td colspan="2"><div class="stacktrace">java.lang.AssertionError: expected [true] but found [false]
	at com.hybdrivenframeworkexampleV1.testcases.TC_loginDDT_002.loginTest(TC_loginDDT_002.java:38)
... Removed 29 stack frames</div></td></tr></table><p class="totop"><a href="#summary">back to summary</a></p><h3 id="m11">com.hybdrivenframeworkexampleV1.testcases.TC_loginDDT_002#loginTest</h3><table class="result"><tr class="param"><th>Parameter #1</th><th>Parameter #2</th></tr><tr class="param stripe"><td>XYZ1</td><td>XYZ1</td></tr><tr><th colspan="2">Exception</th></tr><tr><td colspan="2"><div class="stacktrace">java.lang.AssertionError: expected [true] but found [false]
	at com.hybdrivenframeworkexampleV1.testcases.TC_loginDDT_002.loginTest(TC_loginDDT_002.java:38)
... Removed 29 stack frames</div></td></tr></table><p class="totop"><a href="#summary">back to summary</a></p><h3 id="m12">com.hybdrivenframeworkexampleV1.testcases.TC_loginDDT_002#loginTest</h3><table class="result"><tr class="param"><th>Parameter #1</th><th>Parameter #2</th></tr><tr class="param stripe"><td>admin@yourstore.com</td><td>admin</td></tr></table><p class="totop"><a href="#summary">back to summary</a></p><h2>Test2</h2><h3 id="m13">com.hybdrivenframeworkexampleV1.testcases.TC_HybDrivenFrameworkExampleV1_001#loginTest</h3><table class="result"><tr><th>Exception</th></tr><tr><td><div class="stacktrace">java.lang.AssertionError: expected [true] but found [false]
	at com.hybdrivenframeworkexampleV1.testcases.TC_HybDrivenFrameworkExampleV1_001.loginTest(TC_HybDrivenFrameworkExampleV1_001.java:36)
... Removed 29 stack frames</div></td></tr></table><p class="totop"><a href="#summary">back to summary</a></p><h3 id="m14">com.hybdrivenframeworkexampleV1.testcases.TC_loginDDT_002#loginTest</h3><table class="result"><tr class="param"><th>Parameter #1</th><th>Parameter #2</th></tr><tr class="param stripe"><td>XYZ1</td><td>XYZ1</td></tr><tr><th colspan="2">Exception</th></tr><tr><td colspan="2"><div class="stacktrace">java.lang.AssertionError: expected [true] but found [false]
	at com.hybdrivenframeworkexampleV1.testcases.TC_loginDDT_002.loginTest(TC_loginDDT_002.java:38)
... Removed 28 stack frames</div></td></tr></table><p class="totop"><a href="#summary">back to summary</a></p><h3 id="m15">com.hybdrivenframeworkexampleV1.testcases.TC_loginDDT_002#loginTest</h3><table class="result"><tr class="param"><th>Parameter #1</th><th>Parameter #2</th></tr><tr class="param stripe"><td>MNO</td><td>MNO</td></tr><tr><th colspan="2">Exception</th></tr><tr><td colspan="2"><div class="stacktrace">java.lang.AssertionError: expected [true] but found [false]
	at com.hybdrivenframeworkexampleV1.testcases.TC_loginDDT_002.loginTest(TC_loginDDT_002.java:38)
... Removed 29 stack frames</div></td></tr></table><p class="totop"><a href="#summary">back to summary</a></p><h3 id="m16">com.hybdrivenframeworkexampleV1.testcases.TC_loginDDT_002#loginTest</h3><table class="result"><tr class="param"><th>Parameter #1</th><th>Parameter #2</th></tr><tr class="param stripe"><td>MNO1</td><td>MNO1</td></tr><tr><th colspan="2">Exception</th></tr><tr><td colspan="2"><div class="stacktrace">java.lang.AssertionError: expected [true] but found [false]
	at com.hybdrivenframeworkexampleV1.testcases.TC_loginDDT_002.loginTest(TC_loginDDT_002.java:38)
... Removed 28 stack frames</div></td></tr></table><p class="totop"><a href="#summary">back to summary</a></p><h3 id="m17">com.hybdrivenframeworkexampleV1.testcases.TC_loginDDT_002#loginTest</h3><table class="result"><tr class="param"><th>Parameter #1</th><th>Parameter #2</th></tr><tr class="param stripe"><td>PQR1</td><td>PQR1</td></tr><tr><th colspan="2">Exception</th></tr><tr><td colspan="2"><div class="stacktrace">java.lang.AssertionError: expected [true] but found [false]
	at com.hybdrivenframeworkexampleV1.testcases.TC_loginDDT_002.loginTest(TC_loginDDT_002.java:38)
... Removed 28 stack frames</div></td></tr></table><p class="totop"><a href="#summary">back to summary</a></p><h3 id="m18">com.hybdrivenframeworkexampleV1.testcases.TC_loginDDT_002#loginTest</h3><table class="result"><tr class="param"><th>Parameter #1</th><th>Parameter #2</th></tr><tr class="param stripe"><td>PQR</td><td>PQR</td></tr><tr><th colspan="2">Exception</th></tr><tr><td colspan="2"><div class="stacktrace">java.lang.AssertionError: expected [true] but found [false]
	at com.hybdrivenframeworkexampleV1.testcases.TC_loginDDT_002.loginTest(TC_loginDDT_002.java:38)
... Removed 29 stack frames</div></td></tr></table><p class="totop"><a href="#summary">back to summary</a></p><h3 id="m19">com.hybdrivenframeworkexampleV1.testcases.TC_loginDDT_002#loginTest</h3><table class="result"><tr class="param"><th>Parameter #1</th><th>Parameter #2</th></tr><tr class="param stripe"><td>MNO2</td><td>MNO2</td></tr><tr><th colspan="2">Exception</th></tr><tr><td colspan="2"><div class="stacktrace">java.lang.AssertionError: expected [true] but found [false]
	at com.hybdrivenframeworkexampleV1.testcases.TC_loginDDT_002.loginTest(TC_loginDDT_002.java:38)
... Removed 28 stack frames</div></td></tr></table><p class="totop"><a href="#summary">back to summary</a></p><h3 id="m20">com.hybdrivenframeworkexampleV1.testcases.TC_loginDDT_002#loginTest</h3><table class="result"><tr class="param"><th>Parameter #1</th><th>Parameter #2</th></tr><tr class="param stripe"><td>XYZ2</td><td>XYZ2</td></tr><tr><th colspan="2">Exception</th></tr><tr><td colspan="2"><div class="stacktrace">java.lang.AssertionError: expected [true] but found [false]
	at com.hybdrivenframeworkexampleV1.testcases.TC_loginDDT_002.loginTest(TC_loginDDT_002.java:38)
... Removed 28 stack frames</div></td></tr></table><p class="totop"><a href="#summary">back to summary</a></p><h3 id="m21">com.hybdrivenframeworkexampleV1.testcases.TC_loginDDT_002#loginTest</h3><table class="result"><tr class="param"><th>Parameter #1</th><th>Parameter #2</th></tr><tr class="param stripe"><td>PQR2</td><td>PQR2</td></tr><tr><th colspan="2">Exception</th></tr><tr><td colspan="2"><div class="stacktrace">java.lang.AssertionError: expected [true] but found [false]
	at com.hybdrivenframeworkexampleV1.testcases.TC_loginDDT_002.loginTest(TC_loginDDT_002.java:38)
... Removed 28 stack frames</div></td></tr></table><p class="totop"><a href="#summary">back to summary</a></p><h3 id="m22">com.hybdrivenframeworkexampleV1.testcases.TC_loginDDT_002#loginTest</h3><table class="result"><tr class="param"><th>Parameter #1</th><th>Parameter #2</th></tr><tr class="param stripe"><td>ABC1</td><td>ABC1</td></tr><tr><th colspan="2">Exception</th></tr><tr><td colspan="2"><div class="stacktrace">java.lang.AssertionError: expected [true] but found [false]
	at com.hybdrivenframeworkexampleV1.testcases.TC_loginDDT_002.loginTest(TC_loginDDT_002.java:38)
... Removed 28 stack frames</div></td></tr></table><p class="totop"><a href="#summary">back to summary</a></p><h3 id="m23">com.hybdrivenframeworkexampleV1.testcases.TC_loginDDT_002#loginTest</h3><table class="result"><tr class="param"><th>Parameter #1</th><th>Parameter #2</th></tr><tr class="param stripe"><td>ABC2</td><td>ABC2</td></tr><tr><th colspan="2">Exception</th></tr><tr><td colspan="2"><div class="stacktrace">java.lang.AssertionError: expected [true] but found [false]
	at com.hybdrivenframeworkexampleV1.testcases.TC_loginDDT_002.loginTest(TC_loginDDT_002.java:38)
... Removed 28 stack frames</div></td></tr></table><p class="totop"><a href="#summary">back to summary</a></p><h3 id="m24">com.hybdrivenframeworkexampleV1.testcases.TC_loginDDT_002#loginTest</h3><table class="result"><tr class="param"><th>Parameter #1</th><th>Parameter #2</th></tr><tr class="param stripe"><td>XYZ</td><td>XYZ</td></tr><tr><th colspan="2">Exception</th></tr><tr><td colspan="2"><div class="stacktrace">java.lang.AssertionError: expected [true] but found [false]
	at com.hybdrivenframeworkexampleV1.testcases.TC_loginDDT_002.loginTest(TC_loginDDT_002.java:38)
... Removed 29 stack frames</div></td></tr></table><p class="totop"><a href="#summary">back to summary</a></p><h3 id="m25">com.hybdrivenframeworkexampleV1.testcases.TC_loginDDT_002#loginTest</h3><table class="result"><tr class="param"><th>Parameter #1</th><th>Parameter #2</th></tr><tr class="param stripe"><td>admin@yourstore.com</td><td>admin</td></tr></table><p class="totop"><a href="#summary">back to summary</a></p></body></html>